<?xml version="1.0" encoding="UTF-8"?>
<!-- Generated by org.testng.reporters.JUnitReportReporter -->
<testsuite hostname="DESKTOP-SELHIJF" failures="0" tests="2" name="SaucedemoHW18112022Class" time="15.972" errors="0" timestamp="2022-11-19T06:29:40 GMT+02:00" skipped="0">
  <testcase classname="SaucedemoHW18112022Class" name="sort_items_low_to_high" time="9.393"/>
  <system-out/>
  <testcase classname="SaucedemoHW18112022Class" name="sort_items_high_to_low" time="6.579"/>
  <system-out/>
</testsuite> <!-- SaucedemoHW18112022Class -->
